C51 COMPILER V9.60.7.0   MAIN                                                              06/20/2023 15:00:46 PAGE 1   


C51 COMPILER V9.60.7.0, COMPILATION OF MODULE MAIN
OBJECT MODULE PLACED IN .\Objects\main.obj
COMPILER INVOKED BY: C:\Users\Xinlly\ProgramFiles\Normal\Keil_v5\C51\BIN\C51.EXE code\main.c OPTIMIZE(8,SPEED) BROWSE IN
                    -CDIR(.\code;.\code\header;.\code\source) DEBUG OBJECTEXTEND PRINT(.\Listings\main.lst) OBJECT(.\Objects\main.obj)

line level    source

   1          #include "Uint8ToBin.h"
   2          #include "CustomType.h"
   3          #include "Motor.h"
   4          #include "Timer.h"
   5          #include "REG52.H"
   6          #include "Led.h"
   7          #include "INTRINS.H"
   8          #include "CTYPE.H"
   9          #include "ABSACC.H"
  10          
  11          #define Globals
  12          #include "Global.h"
  13          
  14          void main()
  15          {
  16   1          uint32 num_ms = 0;
  17   1          uint8 index = 0;
  18   1          int32 currentSpeed;
  19   1          initLedSegData();
  20   1          initTimer0();
  21   1          initTimer1();
  22   1          TR1 = 1;
  23   1          while (1)
  24   1          {
  25   2              if(currentSpeed =getSpeed() >= 0){
  26   3                  ledDisplayUint(currentSpeed, 0, 8);
  27   3              }
  28   2          }
  29   1      }


MODULE INFORMATION:   STATIC OVERLAYABLE
   CODE SIZE        =     63    ----
   CONSTANT SIZE    =   ----    ----
   XDATA SIZE       =   ----    ----
   PDATA SIZE       =   ----    ----
   DATA SIZE        =      4       9
   IDATA SIZE       =   ----    ----
   BIT SIZE         =   ----    ----
END OF MODULE INFORMATION.


C51 COMPILATION COMPLETE.  0 WARNING(S),  0 ERROR(S)
