C51 COMPILER V9.60.7.0   MOTOR                                                             06/20/2023 11:36:39 PAGE 1   


C51 COMPILER V9.60.7.0, COMPILATION OF MODULE MOTOR
OBJECT MODULE PLACED IN .\Objects\Motor.obj
COMPILER INVOKED BY: C:\Users\Xinlly\ProgramFiles\Normal\Keil_v5\C51\BIN\C51.EXE code\source\Motor.c OPTIMIZE(8,SPEED) B
                    -ROWSE INCDIR(.\code;.\code\header;.\code\source) DEBUG OBJECTEXTEND PRINT(.\Listings\Motor.lst) OBJECT(.\Objects\Motor.o
                    -bj)

line level    source

   1          #include "Motor.h"
   2          #include "Timer.h"
   3          #include "CustomType.h"
   4          #include "REG52.H"
   5          uint32 timeMark_ms;
   6          int32 currentPulses;
   7          int32 getSpeed()
   8          {
   9   1          if (getSysTimeUs() - timeMark_ms >= getSpeedPeriod_ms)
  10   1          {
  11   2              currentPulses = currentPulsesH * 256 + currentPulsesL;
  12   2              timeMark_ms = getSysTimeMs();
  13   2              currentPulsesH = 0x00;
  14   2              currentPulsesL = 0x00;
  15   2              TF1 = 0;
  16   2              return currentPulses / pulsesPerRevolution / getSpeedPeriod_ms * 60000;
  17   2          }
  18   1          else
  19   1          {
  20   2              return -1;
  21   2          }
  22   1      }


MODULE INFORMATION:   STATIC OVERLAYABLE
   CODE SIZE        =    115    ----
   CONSTANT SIZE    =   ----    ----
   XDATA SIZE       =   ----    ----
   PDATA SIZE       =   ----    ----
   DATA SIZE        =      8    ----
   IDATA SIZE       =   ----    ----
   BIT SIZE         =   ----    ----
END OF MODULE INFORMATION.


C51 COMPILATION COMPLETE.  0 WARNING(S),  0 ERROR(S)
